<?xml version="1.0" encoding="UTF-8"?>
<testsuites name="Smoke Test Web" time="231.354" tests="3" failures="1" errors="0">
   <testsuite name="Smoke Test Web" tests="3" failures="1" errors="0" time="231.354" skipped="0" timestamp="2023-09-10 22:00:54" hostname="margaretta - localhost" id="Test Suites/Smoke Test Web">
      <properties>
         <property name="deviceName" value=""/>
         <property name="devicePlatform" value=""/>
         <property name="logFolder" value="/Users/margaretta/Katalon Studio/Web Banking Testing/Reports/20230910_220051/Smoke Test Web/20230910_220051"/>
         <property name="logFiles" value="/Users/margaretta/Katalon Studio/Web Banking Testing/Reports/20230910_220051/Smoke Test Web/20230910_220051/execution0.log"/>
         <property name="attachments" value="/Users/margaretta/Katalon Studio/Web Banking Testing/Reports/20230910_220051/Smoke Test Web/20230910_220051/1694358099695.png, /Users/margaretta/Katalon Studio/Web Banking Testing/Reports/20230910_220051/Smoke Test Web/20230910_220051/1694358100129.png, /Users/margaretta/Katalon Studio/Web Banking Testing/Reports/20230910_220051/Smoke Test Web/20230910_220051/1694358125500.png, /Users/margaretta/Katalon Studio/Web Banking Testing/Reports/20230910_220051/Smoke Test Web/20230910_220051/1694358125858.png, /Users/margaretta/Katalon Studio/Web Banking Testing/Reports/20230910_220051/Smoke Test Web/20230910_220051/1694358177071.png, /Users/margaretta/Katalon Studio/Web Banking Testing/Reports/20230910_220051/Smoke Test Web/20230910_220051/1694358177449.png, /Users/margaretta/Katalon Studio/Web Banking Testing/Reports/20230910_220051/Smoke Test Web/20230910_220051/1694358241012.png, /Users/margaretta/Katalon Studio/Web Banking Testing/Reports/20230910_220051/Smoke Test Web/20230910_220051/1694358241425.png"/>
         <property name="hostName" value="margaretta - localhost"/>
         <property name="os" value="Mac OS X 64bit"/>
         <property name="katalonVersion" value="8.6.8.208"/>
         <property name="browser" value="Chrome 116.0.0.0"/>
         <property name="hostAddress" value="127.0.0.1"/>
         <property name="sessionId" value="87e2ecab502ddab019c0faa55b71f63b"/>
         <property name="seleniumVersion" value="3.141.59"/>
         <property name="proxyInformation" value="ProxyInformation { proxyOption=NO_PROXY, proxyServerType=HTTP, username=, password=********, proxyServerAddress=, proxyServerPort=0, executionList=&quot;&quot;, isApplyToDesiredCapabilities=true }"/>
         <property name="platform" value="Mac OS X"/>
      </properties>
      <testcase name="Test Cases/User can successfully login" time="17.78" classname="Test Cases/User can successfully login" status="PASSED">
         <system-out><![CDATA[2023-09-10 22:00:55 - [TEST_CASE][PASSED] - Test Cases/User can successfully login: Test Cases/User can successfully login

2023-09-10 22:00:55 - [TEST_STEP][PASSED] - openBrowser(""): Browser is opened with url: ''

2023-09-10 22:00:55 - [MESSAGE][INFO] - Starting 'Chrome' driver

2023-09-10 22:00:56 - [MESSAGE][INFO] - Action delay is set to 0 milliseconds

2023-09-10 22:01:05 - [MESSAGE][PASSED] - Browser is opened with url: ''

2023-09-10 22:01:05 - [TEST_STEP][PASSED] - navigateToUrl("https://www.globalsqa.com/angularJs-protractor/BankingProject/#/login"): Navigate to 'https://www.globalsqa.com/angularJs-protractor/BankingProject/#/login' successfully

2023-09-10 22:01:07 - [MESSAGE][PASSED] - Navigate to 'https://www.globalsqa.com/angularJs-protractor/BankingProject/#/login' successfully

2023-09-10 22:01:07 - [TEST_STEP][PASSED] - click(findTestObject("Object Repository/Page_XYZ Bank/button_Customer Login")): Object: 'Object Repository/Page_XYZ Bank/button_Customer Login' is clicked on

2023-09-10 22:01:08 - [MESSAGE][PASSED] - Object: 'Object Repository/Page_XYZ Bank/button_Customer Login' is clicked on

2023-09-10 22:01:08 - [TEST_STEP][PASSED] - selectOptionByValue(findTestObject("Object Repository/Page_XYZ Bank/select_---Your Name---       Hermoine Grang_6e895b"), "3", true): All options with value '3' are selected in object 'Object Repository/Page_XYZ Bank/select_---Your Name---       Hermoine Grang_6e895b'  using regular expression

2023-09-10 22:01:10 - [MESSAGE][PASSED] - All options with value '3' are selected in object 'Object Repository/Page_XYZ Bank/select_---Your Name---       Hermoine Grang_6e895b'  using regular expression

2023-09-10 22:01:10 - [TEST_STEP][PASSED] - click(findTestObject("Object Repository/Page_XYZ Bank/button_Login")): Object: 'Object Repository/Page_XYZ Bank/button_Login' is clicked on

2023-09-10 22:01:11 - [MESSAGE][PASSED] - Object: 'Object Repository/Page_XYZ Bank/button_Login' is clicked on

2023-09-10 22:01:11 - [TEST_STEP][PASSED] - verifyElementText(findTestObject("Object Repository/Page_XYZ Bank/strong_1007"), "1007"): Actual text and expected text of test object 'Object Repository/Page_XYZ Bank/strong_1007' are matched.

2023-09-10 22:01:12 - [MESSAGE][PASSED] - Actual text and expected text of test object 'Object Repository/Page_XYZ Bank/strong_1007' are matched.

2023-09-10 22:01:12 - [TEST_STEP][PASSED] - click(findTestObject("Object Repository/Page_XYZ Bank/span_Ron Weasly")): Object: 'Object Repository/Page_XYZ Bank/span_Ron Weasly' is clicked on

2023-09-10 22:01:12 - [MESSAGE][PASSED] - Object: 'Object Repository/Page_XYZ Bank/span_Ron Weasly' is clicked on

2023-09-10 22:01:12 - [TEST_STEP][PASSED] - verifyElementText(findTestObject("Object Repository/Page_XYZ Bank/span_Ron Weasly"), "Ron Weasly"): Actual text and expected text of test object 'Object Repository/Page_XYZ Bank/span_Ron Weasly' are matched.

2023-09-10 22:01:12 - [MESSAGE][PASSED] - Actual text and expected text of test object 'Object Repository/Page_XYZ Bank/span_Ron Weasly' are matched.

2023-09-10 22:01:12 - [TEST_STEP][PASSED] - closeBrowser(): Browser is closed

2023-09-10 22:01:13 - [MESSAGE][PASSED] - Browser is closed]]></system-out>
         <system-err><![CDATA[]]></system-err>
      </testcase>
      <testcase name="Test Cases/User can successfully deposit and withdraw money" time="63.945" classname="Test Cases/User can successfully deposit and withdraw money" status="FAILED">
         <failure type="FAILED" message="Test Cases/User can successfully deposit and withdraw money FAILED.
Reason:
com.kms.katalon.core.exception.StepFailedException: Verify element text of test object 'Object Repository/Page_XYZ Bank/div_Account Number  1007 , Balance  5000 , _80e863' FAILED.
	at com.kms.katalon.core.webui.keyword.internal.WebUIKeywordMain.stepFailed(WebUIKeywordMain.groovy:64)
	at com.kms.katalon.core.webui.keyword.internal.WebUIKeywordMain.runKeyword(WebUIKeywordMain.groovy:26)
	at com.kms.katalon.core.webui.keyword.builtin.VerifyElementTextKeyword.verifyElementText(VerifyElementTextKeyword.groovy:72)
	at com.kms.katalon.core.webui.keyword.builtin.VerifyElementTextKeyword.execute(VerifyElementTextKeyword.groovy:40)
	at com.kms.katalon.core.keyword.internal.KeywordExecutor.executeKeywordForPlatform(KeywordExecutor.groovy:74)
	at com.kms.katalon.core.webui.keyword.WebUiBuiltInKeywords.verifyElementText(WebUiBuiltInKeywords.groovy:4749)
	at com.kms.katalon.core.webui.keyword.WebUiBuiltInKeywords$verifyElementText$3.call(Unknown Source)
	at User can successfully deposit and withdraw money.run(User can successfully deposit and withdraw money:77)
	at com.kms.katalon.core.main.ScriptEngine.run(ScriptEngine.java:194)
	at com.kms.katalon.core.main.ScriptEngine.runScriptAsRawText(ScriptEngine.java:119)
	at com.kms.katalon.core.main.TestCaseExecutor.runScript(TestCaseExecutor.java:448)
	at com.kms.katalon.core.main.TestCaseExecutor.doExecute(TestCaseExecutor.java:439)
	at com.kms.katalon.core.main.TestCaseExecutor.processExecutionPhase(TestCaseExecutor.java:418)
	at com.kms.katalon.core.main.TestCaseExecutor.accessMainPhase(TestCaseExecutor.java:410)
	at com.kms.katalon.core.main.TestCaseExecutor.execute(TestCaseExecutor.java:285)
	at com.kms.katalon.core.main.TestCaseExecutor.execute(TestCaseExecutor.java:369)
	at com.kms.katalon.core.main.TestCaseExecutor.execute(TestCaseExecutor.java:369)
	at com.kms.katalon.core.main.TestCaseExecutor.execute(TestCaseExecutor.java:369)
	at com.kms.katalon.core.common.CommonExecutor.accessTestCaseMainPhase(CommonExecutor.java:65)
	at com.kms.katalon.core.main.TestSuiteExecutor.accessTestSuiteMainPhase(TestSuiteExecutor.java:148)
	at com.kms.katalon.core.main.TestSuiteExecutor.execute(TestSuiteExecutor.java:106)
	at com.kms.katalon.core.main.TestCaseMain.startTestSuite(TestCaseMain.java:187)
	at com.kms.katalon.core.main.TestCaseMain$startTestSuite$0.call(Unknown Source)
	at TempTestSuite1694358051150.run(TempTestSuite1694358051150.groovy:36)
Caused by: com.kms.katalon.core.exception.StepFailedException: Actual text 'Account Number : 1007 , Balance : 5000 , Currency : Dollar' and expected text 'Account Number : 1007 , 
	Balance : 5000 , 
	Currency : Dollar' of test object 'Object Repository/Page_XYZ Bank/div_Account Number  1007 , Balance  5000 , _80e863' are NOT matched.
	at com.kms.katalon.core.webui.keyword.internal.WebUIKeywordMain.stepFailed(WebUIKeywordMain.groovy:64)
	at com.kms.katalon.core.webui.keyword.builtin.VerifyElementTextKeyword$_verifyElementText_closure1.doCall(VerifyElementTextKeyword.groovy:57)
	at com.kms.katalon.core.webui.keyword.builtin.VerifyElementTextKeyword$_verifyElementText_closure1.call(VerifyElementTextKeyword.groovy)
	at com.kms.katalon.core.webui.keyword.internal.WebUIKeywordMain.runKeyword(WebUIKeywordMain.groovy:20)
	... 22 more
"/>
         <system-out><![CDATA[2023-09-10 22:02:57 - [TEST_CASE][FAILED] - Test Cases/User can successfully deposit and withdraw money: Test Cases/User can successfully deposit and withdraw money FAILED.
Reason:
com.kms.katalon.core.exception.StepFailedException: Verify element text of test object 'Object Repository/Page_XYZ Bank/div_Account Number  1007 , Balance  5000 , _80e863' FAILED.
	at com.kms.katalon.core.webui.keyword.internal.WebUIKeywordMain.stepFailed(WebUIKeywordMain.groovy:64)
	at com.kms.katalon.core.webui.keyword.internal.WebUIKeywordMain.runKeyword(WebUIKeywordMain.groovy:26)
	at com.kms.katalon.core.webui.keyword.builtin.VerifyElementTextKeyword.verifyElementText(VerifyElementTextKeyword.groovy:72)
	at com.kms.katalon.core.webui.keyword.builtin.VerifyElementTextKeyword.execute(VerifyElementTextKeyword.groovy:40)
	at com.kms.katalon.core.keyword.internal.KeywordExecutor.executeKeywordForPlatform(KeywordExecutor.groovy:74)
	at com.kms.katalon.core.webui.keyword.WebUiBuiltInKeywords.verifyElementText(WebUiBuiltInKeywords.groovy:4749)
	at com.kms.katalon.core.webui.keyword.WebUiBuiltInKeywords$verifyElementText$3.call(Unknown Source)
	at User can successfully deposit and withdraw money.run(User can successfully deposit and withdraw money:77)
	at com.kms.katalon.core.main.ScriptEngine.run(ScriptEngine.java:194)
	at com.kms.katalon.core.main.ScriptEngine.runScriptAsRawText(ScriptEngine.java:119)
	at com.kms.katalon.core.main.TestCaseExecutor.runScript(TestCaseExecutor.java:448)
	at com.kms.katalon.core.main.TestCaseExecutor.doExecute(TestCaseExecutor.java:439)
	at com.kms.katalon.core.main.TestCaseExecutor.processExecutionPhase(TestCaseExecutor.java:418)
	at com.kms.katalon.core.main.TestCaseExecutor.accessMainPhase(TestCaseExecutor.java:410)
	at com.kms.katalon.core.main.TestCaseExecutor.execute(TestCaseExecutor.java:285)
	at com.kms.katalon.core.main.TestCaseExecutor.execute(TestCaseExecutor.java:369)
	at com.kms.katalon.core.main.TestCaseExecutor.execute(TestCaseExecutor.java:369)
	at com.kms.katalon.core.main.TestCaseExecutor.execute(TestCaseExecutor.java:369)
	at com.kms.katalon.core.common.CommonExecutor.accessTestCaseMainPhase(CommonExecutor.java:65)
	at com.kms.katalon.core.main.TestSuiteExecutor.accessTestSuiteMainPhase(TestSuiteExecutor.java:148)
	at com.kms.katalon.core.main.TestSuiteExecutor.execute(TestSuiteExecutor.java:106)
	at com.kms.katalon.core.main.TestCaseMain.startTestSuite(TestCaseMain.java:187)
	at com.kms.katalon.core.main.TestCaseMain$startTestSuite$0.call(Unknown Source)
	at TempTestSuite1694358051150.run(TempTestSuite1694358051150.groovy:36)
Caused by: com.kms.katalon.core.exception.StepFailedException: Actual text 'Account Number : 1007 , Balance : 5000 , Currency : Dollar' and expected text 'Account Number : 1007 , 
	Balance : 5000 , 
	Currency : Dollar' of test object 'Object Repository/Page_XYZ Bank/div_Account Number  1007 , Balance  5000 , _80e863' are NOT matched.
	at com.kms.katalon.core.webui.keyword.internal.WebUIKeywordMain.stepFailed(WebUIKeywordMain.groovy:64)
	at com.kms.katalon.core.webui.keyword.builtin.VerifyElementTextKeyword$_verifyElementText_closure1.doCall(VerifyElementTextKeyword.groovy:57)
	at com.kms.katalon.core.webui.keyword.builtin.VerifyElementTextKeyword$_verifyElementText_closure1.call(VerifyElementTextKeyword.groovy)
	at com.kms.katalon.core.webui.keyword.internal.WebUIKeywordMain.runKeyword(WebUIKeywordMain.groovy:20)
	... 22 more


2023-09-10 22:02:57 - [TEST_STEP][PASSED] - openBrowser(""): Browser is opened with url: ''

2023-09-10 22:02:57 - [MESSAGE][WARNING] - A browser is already opened. Closing browser and opening a new one

2023-09-10 22:02:58 - [MESSAGE][INFO] - Starting 'Chrome' driver

2023-09-10 22:02:58 - [MESSAGE][INFO] - Action delay is set to 0 milliseconds

2023-09-10 22:03:02 - [MESSAGE][PASSED] - Browser is opened with url: ''

2023-09-10 22:03:02 - [TEST_STEP][PASSED] - navigateToUrl("https://www.globalsqa.com/angularJs-protractor/BankingProject/#/login"): Navigate to 'https://www.globalsqa.com/angularJs-protractor/BankingProject/#/login' successfully

2023-09-10 22:03:04 - [MESSAGE][PASSED] - Navigate to 'https://www.globalsqa.com/angularJs-protractor/BankingProject/#/login' successfully

2023-09-10 22:03:04 - [TEST_STEP][PASSED] - verifyElementText(findTestObject("Object Repository/Page_XYZ Bank/strong_XYZ Bank"), "XYZ Bank"): Actual text and expected text of test object 'Object Repository/Page_XYZ Bank/strong_XYZ Bank' are matched.

2023-09-10 22:03:07 - [MESSAGE][PASSED] - Actual text and expected text of test object 'Object Repository/Page_XYZ Bank/strong_XYZ Bank' are matched.

2023-09-10 22:03:07 - [TEST_STEP][PASSED] - click(findTestObject("Object Repository/Page_XYZ Bank/button_Customer Login")): Object: 'Object Repository/Page_XYZ Bank/button_Customer Login' is clicked on

2023-09-10 22:03:09 - [MESSAGE][PASSED] - Object: 'Object Repository/Page_XYZ Bank/button_Customer Login' is clicked on

2023-09-10 22:03:09 - [TEST_STEP][PASSED] - selectOptionByValue(findTestObject("Object Repository/Page_XYZ Bank/select_---Your Name---       Hermoine Grang_6e895b"), "3", true): All options with value '3' are selected in object 'Object Repository/Page_XYZ Bank/select_---Your Name---       Hermoine Grang_6e895b'  using regular expression

2023-09-10 22:03:12 - [MESSAGE][PASSED] - All options with value '3' are selected in object 'Object Repository/Page_XYZ Bank/select_---Your Name---       Hermoine Grang_6e895b'  using regular expression

2023-09-10 22:03:12 - [TEST_STEP][PASSED] - verifyElementPresent(findTestObject("Object Repository/Page_XYZ Bank/button_Login"), 0): Object 'Object Repository/Page_XYZ Bank/button_Login' is present

2023-09-10 22:03:12 - [MESSAGE][WARNING] - Timeout '0' is invalid. Using default page load timeout: '30'

2023-09-10 22:03:13 - [MESSAGE][PASSED] - Object 'Object Repository/Page_XYZ Bank/button_Login' is present

2023-09-10 22:03:13 - [TEST_STEP][PASSED] - click(findTestObject("Object Repository/Page_XYZ Bank/button_Login")): Object: 'Object Repository/Page_XYZ Bank/button_Login' is clicked on

2023-09-10 22:03:13 - [MESSAGE][PASSED] - Object: 'Object Repository/Page_XYZ Bank/button_Login' is clicked on

2023-09-10 22:03:13 - [TEST_STEP][PASSED] - verifyElementText(findTestObject("Object Repository/Page_XYZ Bank/strong_0"), "0"): Actual text and expected text of test object 'Object Repository/Page_XYZ Bank/strong_0' are matched.

2023-09-10 22:03:14 - [MESSAGE][PASSED] - Actual text and expected text of test object 'Object Repository/Page_XYZ Bank/strong_0' are matched.

2023-09-10 22:03:14 - [TEST_STEP][PASSED] - click(findTestObject("Object Repository/Page_XYZ Bank/button_Deposit")): Object: 'Object Repository/Page_XYZ Bank/button_Deposit' is clicked on

2023-09-10 22:03:14 - [MESSAGE][PASSED] - Object: 'Object Repository/Page_XYZ Bank/button_Deposit' is clicked on

2023-09-10 22:03:14 - [TEST_STEP][PASSED] - click(findTestObject("Object Repository/Page_XYZ Bank/button_Deposit")): Object: 'Object Repository/Page_XYZ Bank/button_Deposit' is clicked on

2023-09-10 22:03:16 - [MESSAGE][PASSED] - Object: 'Object Repository/Page_XYZ Bank/button_Deposit' is clicked on

2023-09-10 22:03:16 - [TEST_STEP][PASSED] - verifyElementPresent(findTestObject("Object Repository/Page_XYZ Bank/label_Amount to be Deposited"), 0): Object 'Object Repository/Page_XYZ Bank/label_Amount to be Deposited' is present

2023-09-10 22:03:16 - [MESSAGE][WARNING] - Timeout '0' is invalid. Using default page load timeout: '30'

2023-09-10 22:03:18 - [MESSAGE][PASSED] - Object 'Object Repository/Page_XYZ Bank/label_Amount to be Deposited' is present

2023-09-10 22:03:18 - [TEST_STEP][PASSED] - setText(findTestObject("Object Repository/Page_XYZ Bank/input_Amount to be Deposited_form-control n_97f4dd"), "25000"): Text '25000' is set on object 'Object Repository/Page_XYZ Bank/input_Amount to be Deposited_form-control n_97f4dd'

2023-09-10 22:03:22 - [MESSAGE][PASSED] - Text '25000' is set on object 'Object Repository/Page_XYZ Bank/input_Amount to be Deposited_form-control n_97f4dd'

2023-09-10 22:03:22 - [TEST_STEP][PASSED] - click(findTestObject("Object Repository/Page_XYZ Bank/button_Deposit_1")): Object: 'Object Repository/Page_XYZ Bank/button_Deposit_1' is clicked on

2023-09-10 22:03:24 - [MESSAGE][PASSED] - Object: 'Object Repository/Page_XYZ Bank/button_Deposit_1' is clicked on

2023-09-10 22:03:24 - [TEST_STEP][PASSED] - verifyElementPresent(findTestObject("Object Repository/Page_XYZ Bank/span_Deposit Successful"), 0): Object 'Object Repository/Page_XYZ Bank/span_Deposit Successful' is present

2023-09-10 22:03:24 - [MESSAGE][WARNING] - Timeout '0' is invalid. Using default page load timeout: '30'

2023-09-10 22:03:26 - [MESSAGE][PASSED] - Object 'Object Repository/Page_XYZ Bank/span_Deposit Successful' is present

2023-09-10 22:03:26 - [TEST_STEP][PASSED] - click(findTestObject("Object Repository/Page_XYZ Bank/button_Transactions")): Object: 'Object Repository/Page_XYZ Bank/button_Transactions' is clicked on

2023-09-10 22:03:28 - [MESSAGE][PASSED] - Object: 'Object Repository/Page_XYZ Bank/button_Transactions' is clicked on

2023-09-10 22:03:28 - [TEST_STEP][PASSED] - verifyElementText(findTestObject("Object Repository/Page_XYZ Bank/td_25000"), "25000"): Actual text and expected text of test object 'Object Repository/Page_XYZ Bank/td_25000' are matched.

2023-09-10 22:03:29 - [MESSAGE][PASSED] - Actual text and expected text of test object 'Object Repository/Page_XYZ Bank/td_25000' are matched.

2023-09-10 22:03:29 - [TEST_STEP][PASSED] - click(findTestObject("Object Repository/Page_XYZ Bank/td_Credit")): Object: 'Object Repository/Page_XYZ Bank/td_Credit' is clicked on

2023-09-10 22:03:32 - [MESSAGE][PASSED] - Object: 'Object Repository/Page_XYZ Bank/td_Credit' is clicked on

2023-09-10 22:03:32 - [TEST_STEP][PASSED] - verifyElementText(findTestObject("Object Repository/Page_XYZ Bank/td_Credit"), "Credit"): Actual text and expected text of test object 'Object Repository/Page_XYZ Bank/td_Credit' are matched.

2023-09-10 22:03:34 - [MESSAGE][PASSED] - Actual text and expected text of test object 'Object Repository/Page_XYZ Bank/td_Credit' are matched.

2023-09-10 22:03:34 - [TEST_STEP][PASSED] - click(findTestObject("Object Repository/Page_XYZ Bank/button_Back")): Object: 'Object Repository/Page_XYZ Bank/button_Back' is clicked on

2023-09-10 22:03:36 - [MESSAGE][PASSED] - Object: 'Object Repository/Page_XYZ Bank/button_Back' is clicked on

2023-09-10 22:03:36 - [TEST_STEP][PASSED] - click(findTestObject("Object Repository/Page_XYZ Bank/button_Withdrawl")): Object: 'Object Repository/Page_XYZ Bank/button_Withdrawl' is clicked on

2023-09-10 22:03:41 - [MESSAGE][PASSED] - Object: 'Object Repository/Page_XYZ Bank/button_Withdrawl' is clicked on

2023-09-10 22:03:41 - [TEST_STEP][PASSED] - setText(findTestObject("Object Repository/Page_XYZ Bank/input_Amount to be Deposited_form-control n_97f4dd"), "20000"): Text '20000' is set on object 'Object Repository/Page_XYZ Bank/input_Amount to be Deposited_form-control n_97f4dd'

2023-09-10 22:03:45 - [MESSAGE][PASSED] - Text '20000' is set on object 'Object Repository/Page_XYZ Bank/input_Amount to be Deposited_form-control n_97f4dd'

2023-09-10 22:03:45 - [TEST_STEP][PASSED] - click(findTestObject("Object Repository/Page_XYZ Bank/button_Withdraw")): Object: 'Object Repository/Page_XYZ Bank/button_Withdraw' is clicked on

2023-09-10 22:03:47 - [MESSAGE][PASSED] - Object: 'Object Repository/Page_XYZ Bank/button_Withdraw' is clicked on

2023-09-10 22:03:47 - [TEST_STEP][PASSED] - verifyElementPresent(findTestObject("Object Repository/Page_XYZ Bank/span_Transaction successful"), 0): Object 'Object Repository/Page_XYZ Bank/span_Transaction successful' is present

2023-09-10 22:03:47 - [MESSAGE][WARNING] - Timeout '0' is invalid. Using default page load timeout: '30'

2023-09-10 22:03:49 - [MESSAGE][PASSED] - Object 'Object Repository/Page_XYZ Bank/span_Transaction successful' is present

2023-09-10 22:03:49 - [TEST_STEP][PASSED] - click(findTestObject("Object Repository/Page_XYZ Bank/button_Transactions")): Object: 'Object Repository/Page_XYZ Bank/button_Transactions' is clicked on

2023-09-10 22:03:51 - [MESSAGE][PASSED] - Object: 'Object Repository/Page_XYZ Bank/button_Transactions' is clicked on

2023-09-10 22:03:51 - [TEST_STEP][PASSED] - verifyElementText(findTestObject("Object Repository/Page_XYZ Bank/td_20000"), "20000"): Actual text and expected text of test object 'Object Repository/Page_XYZ Bank/td_20000' are matched.

2023-09-10 22:03:53 - [MESSAGE][PASSED] - Actual text and expected text of test object 'Object Repository/Page_XYZ Bank/td_20000' are matched.

2023-09-10 22:03:53 - [TEST_STEP][PASSED] - verifyElementText(findTestObject("Object Repository/Page_XYZ Bank/td_Debit"), "Debit"): Actual text and expected text of test object 'Object Repository/Page_XYZ Bank/td_Debit' are matched.

2023-09-10 22:03:55 - [MESSAGE][PASSED] - Actual text and expected text of test object 'Object Repository/Page_XYZ Bank/td_Debit' are matched.

2023-09-10 22:03:55 - [TEST_STEP][PASSED] - click(findTestObject("Object Repository/Page_XYZ Bank/button_Back")): Object: 'Object Repository/Page_XYZ Bank/button_Back' is clicked on

2023-09-10 22:03:57 - [MESSAGE][PASSED] - Object: 'Object Repository/Page_XYZ Bank/button_Back' is clicked on

2023-09-10 22:03:57 - [TEST_STEP][PASSED] - verifyElementText(findTestObject("Object Repository/Page_XYZ Bank/strong_Welcome Ron Weasly"), "Welcome Ron Weasly !!"): Actual text and expected text of test object 'Object Repository/Page_XYZ Bank/strong_Welcome Ron Weasly' are matched.

2023-09-10 22:03:59 - [MESSAGE][PASSED] - Actual text and expected text of test object 'Object Repository/Page_XYZ Bank/strong_Welcome Ron Weasly' are matched.

2023-09-10 22:03:59 - [TEST_STEP][FAILED] - verifyElementText(findTestObject("Object Repository/Page_XYZ Bank/div_Account Number  1007 , Balance  5000 , _80e863"), "Account Number : 1007 , 
	Balance : 5000 , 
	Currency : Dollar"): Verify element text of test object 'Object Repository/Page_XYZ Bank/div_Account Number  1007 , Balance  5000 , _80e863' FAILED. (Root cause: com.kms.katalon.core.exception.StepFailedException: Verify element text of test object 'Object Repository/Page_XYZ Bank/div_Account Number  1007 , Balance  5000 , _80e863' FAILED.
	at com.kms.katalon.core.webui.keyword.internal.WebUIKeywordMain.stepFailed(WebUIKeywordMain.groovy:64)
	at com.kms.katalon.core.webui.keyword.internal.WebUIKeywordMain.runKeyword(WebUIKeywordMain.groovy:26)
	at com.kms.katalon.core.webui.keyword.builtin.VerifyElementTextKeyword.verifyElementText(VerifyElementTextKeyword.groovy:72)
	at com.kms.katalon.core.webui.keyword.builtin.VerifyElementTextKeyword.execute(VerifyElementTextKeyword.groovy:40)
	at com.kms.katalon.core.keyword.internal.KeywordExecutor.executeKeywordForPlatform(KeywordExecutor.groovy:74)
	at com.kms.katalon.core.webui.keyword.WebUiBuiltInKeywords.verifyElementText(WebUiBuiltInKeywords.groovy:4749)
	at com.kms.katalon.core.webui.keyword.WebUiBuiltInKeywords$verifyElementText$3.call(Unknown Source)
	at User can successfully deposit and withdraw money.run(User can successfully deposit and withdraw money:77)
	at com.kms.katalon.core.main.ScriptEngine.run(ScriptEngine.java:194)
	at com.kms.katalon.core.main.ScriptEngine.runScriptAsRawText(ScriptEngine.java:119)
	at com.kms.katalon.core.main.TestCaseExecutor.runScript(TestCaseExecutor.java:448)
	at com.kms.katalon.core.main.TestCaseExecutor.doExecute(TestCaseExecutor.java:439)
	at com.kms.katalon.core.main.TestCaseExecutor.processExecutionPhase(TestCaseExecutor.java:418)
	at com.kms.katalon.core.main.TestCaseExecutor.accessMainPhase(TestCaseExecutor.java:410)
	at com.kms.katalon.core.main.TestCaseExecutor.execute(TestCaseExecutor.java:285)
	at com.kms.katalon.core.main.TestCaseExecutor.execute(TestCaseExecutor.java:369)
	at com.kms.katalon.core.main.TestCaseExecutor.execute(TestCaseExecutor.java:369)
	at com.kms.katalon.core.main.TestCaseExecutor.execute(TestCaseExecutor.java:369)
	at com.kms.katalon.core.common.CommonExecutor.accessTestCaseMainPhase(CommonExecutor.java:65)
	at com.kms.katalon.core.main.TestSuiteExecutor.accessTestSuiteMainPhase(TestSuiteExecutor.java:148)
	at com.kms.katalon.core.main.TestSuiteExecutor.execute(TestSuiteExecutor.java:106)
	at com.kms.katalon.core.main.TestCaseMain.startTestSuite(TestCaseMain.java:187)
	at com.kms.katalon.core.main.TestCaseMain$startTestSuite$0.call(Unknown Source)
	at TempTestSuite1694358051150.run(TempTestSuite1694358051150.groovy:36)
Caused by: com.kms.katalon.core.exception.StepFailedException: Actual text 'Account Number : 1007 , Balance : 5000 , Currency : Dollar' and expected text 'Account Number : 1007 , 
	Balance : 5000 , 
	Currency : Dollar' of test object 'Object Repository/Page_XYZ Bank/div_Account Number  1007 , Balance  5000 , _80e863' are NOT matched.
	at com.kms.katalon.core.webui.keyword.internal.WebUIKeywordMain.stepFailed(WebUIKeywordMain.groovy:64)
	at com.kms.katalon.core.webui.keyword.builtin.VerifyElementTextKeyword$_verifyElementText_closure1.doCall(VerifyElementTextKeyword.groovy:57)
	at com.kms.katalon.core.webui.keyword.builtin.VerifyElementTextKeyword$_verifyElementText_closure1.call(VerifyElementTextKeyword.groovy)
	at com.kms.katalon.core.webui.keyword.internal.WebUIKeywordMain.runKeyword(WebUIKeywordMain.groovy:20)
	... 22 more
)

2023-09-10 22:04:01 - [MESSAGE][FAILED] - Actual text 'Account Number : 1007 , Balance : 5000 , Currency : Dollar' and expected text 'Account Number : 1007 , 
	Balance : 5000 , 
	Currency : Dollar' of test object 'Object Repository/Page_XYZ Bank/div_Account Number  1007 , Balance  5000 , _80e863' are NOT matched. (Root cause: com.kms.katalon.core.exception.StepFailedException: Actual text 'Account Number : 1007 , Balance : 5000 , Currency : Dollar' and expected text 'Account Number : 1007 , 
	Balance : 5000 , 
	Currency : Dollar' of test object 'Object Repository/Page_XYZ Bank/div_Account Number  1007 , Balance  5000 , _80e863' are NOT matched.
	at com.kms.katalon.core.webui.keyword.internal.WebUIKeywordMain.stepFailed(WebUIKeywordMain.groovy:64)
	at com.kms.katalon.core.webui.keyword.builtin.VerifyElementTextKeyword$_verifyElementText_closure1.doCall(VerifyElementTextKeyword.groovy:57)
	at com.kms.katalon.core.webui.keyword.builtin.VerifyElementTextKeyword$_verifyElementText_closure1.call(VerifyElementTextKeyword.groovy)
	at com.kms.katalon.core.webui.keyword.internal.WebUIKeywordMain.runKeyword(WebUIKeywordMain.groovy:20)
	at com.kms.katalon.core.webui.keyword.builtin.VerifyElementTextKeyword.verifyElementText(VerifyElementTextKeyword.groovy:72)
	at com.kms.katalon.core.webui.keyword.builtin.VerifyElementTextKeyword.execute(VerifyElementTextKeyword.groovy:40)
	at com.kms.katalon.core.keyword.internal.KeywordExecutor.executeKeywordForPlatform(KeywordExecutor.groovy:74)
	at com.kms.katalon.core.webui.keyword.WebUiBuiltInKeywords.verifyElementText(WebUiBuiltInKeywords.groovy:4749)
	at com.kms.katalon.core.webui.keyword.WebUiBuiltInKeywords$verifyElementText$3.call(Unknown Source)
	at User can successfully deposit and withdraw money.run(User can successfully deposit and withdraw money:77)
	at com.kms.katalon.core.main.ScriptEngine.run(ScriptEngine.java:194)
	at com.kms.katalon.core.main.ScriptEngine.runScriptAsRawText(ScriptEngine.java:119)
	at com.kms.katalon.core.main.TestCaseExecutor.runScript(TestCaseExecutor.java:448)
	at com.kms.katalon.core.main.TestCaseExecutor.doExecute(TestCaseExecutor.java:439)
	at com.kms.katalon.core.main.TestCaseExecutor.processExecutionPhase(TestCaseExecutor.java:418)
	at com.kms.katalon.core.main.TestCaseExecutor.accessMainPhase(TestCaseExecutor.java:410)
	at com.kms.katalon.core.main.TestCaseExecutor.execute(TestCaseExecutor.java:285)
	at com.kms.katalon.core.main.TestCaseExecutor.execute(TestCaseExecutor.java:369)
	at com.kms.katalon.core.main.TestCaseExecutor.execute(TestCaseExecutor.java:369)
	at com.kms.katalon.core.main.TestCaseExecutor.execute(TestCaseExecutor.java:369)
	at com.kms.katalon.core.common.CommonExecutor.accessTestCaseMainPhase(CommonExecutor.java:65)
	at com.kms.katalon.core.main.TestSuiteExecutor.accessTestSuiteMainPhase(TestSuiteExecutor.java:148)
	at com.kms.katalon.core.main.TestSuiteExecutor.execute(TestSuiteExecutor.java:106)
	at com.kms.katalon.core.main.TestCaseMain.startTestSuite(TestCaseMain.java:187)
	at com.kms.katalon.core.main.TestCaseMain$startTestSuite$0.call(Unknown Source)
	at TempTestSuite1694358051150.run(TempTestSuite1694358051150.groovy:36)
)
[[ATTACHMENT|/Users/margaretta/Katalon Studio/Web Banking Testing/Reports/20230910_220051/Smoke Test Web/20230910_220051/1694358241012.png]]

2023-09-10 22:04:01 - [MESSAGE][FAILED] - Verify element text of test object 'Object Repository/Page_XYZ Bank/div_Account Number  1007 , Balance  5000 , _80e863' FAILED. (Root cause: com.kms.katalon.core.exception.StepFailedException: Verify element text of test object 'Object Repository/Page_XYZ Bank/div_Account Number  1007 , Balance  5000 , _80e863' FAILED.
	at com.kms.katalon.core.webui.keyword.internal.WebUIKeywordMain.stepFailed(WebUIKeywordMain.groovy:64)
	at com.kms.katalon.core.webui.keyword.internal.WebUIKeywordMain.runKeyword(WebUIKeywordMain.groovy:26)
	at com.kms.katalon.core.webui.keyword.builtin.VerifyElementTextKeyword.verifyElementText(VerifyElementTextKeyword.groovy:72)
	at com.kms.katalon.core.webui.keyword.builtin.VerifyElementTextKeyword.execute(VerifyElementTextKeyword.groovy:40)
	at com.kms.katalon.core.keyword.internal.KeywordExecutor.executeKeywordForPlatform(KeywordExecutor.groovy:74)
	at com.kms.katalon.core.webui.keyword.WebUiBuiltInKeywords.verifyElementText(WebUiBuiltInKeywords.groovy:4749)
	at com.kms.katalon.core.webui.keyword.WebUiBuiltInKeywords$verifyElementText$3.call(Unknown Source)
	at User can successfully deposit and withdraw money.run(User can successfully deposit and withdraw money:77)
	at com.kms.katalon.core.main.ScriptEngine.run(ScriptEngine.java:194)
	at com.kms.katalon.core.main.ScriptEngine.runScriptAsRawText(ScriptEngine.java:119)
	at com.kms.katalon.core.main.TestCaseExecutor.runScript(TestCaseExecutor.java:448)
	at com.kms.katalon.core.main.TestCaseExecutor.doExecute(TestCaseExecutor.java:439)
	at com.kms.katalon.core.main.TestCaseExecutor.processExecutionPhase(TestCaseExecutor.java:418)
	at com.kms.katalon.core.main.TestCaseExecutor.accessMainPhase(TestCaseExecutor.java:410)
	at com.kms.katalon.core.main.TestCaseExecutor.execute(TestCaseExecutor.java:285)
	at com.kms.katalon.core.main.TestCaseExecutor.execute(TestCaseExecutor.java:369)
	at com.kms.katalon.core.main.TestCaseExecutor.execute(TestCaseExecutor.java:369)
	at com.kms.katalon.core.main.TestCaseExecutor.execute(TestCaseExecutor.java:369)
	at com.kms.katalon.core.common.CommonExecutor.accessTestCaseMainPhase(CommonExecutor.java:65)
	at com.kms.katalon.core.main.TestSuiteExecutor.accessTestSuiteMainPhase(TestSuiteExecutor.java:148)
	at com.kms.katalon.core.main.TestSuiteExecutor.execute(TestSuiteExecutor.java:106)
	at com.kms.katalon.core.main.TestCaseMain.startTestSuite(TestCaseMain.java:187)
	at com.kms.katalon.core.main.TestCaseMain$startTestSuite$0.call(Unknown Source)
	at TempTestSuite1694358051150.run(TempTestSuite1694358051150.groovy:36)
Caused by: com.kms.katalon.core.exception.StepFailedException: Actual text 'Account Number : 1007 , Balance : 5000 , Currency : Dollar' and expected text 'Account Number : 1007 , 
	Balance : 5000 , 
	Currency : Dollar' of test object 'Object Repository/Page_XYZ Bank/div_Account Number  1007 , Balance  5000 , _80e863' are NOT matched.
	at com.kms.katalon.core.webui.keyword.internal.WebUIKeywordMain.stepFailed(WebUIKeywordMain.groovy:64)
	at com.kms.katalon.core.webui.keyword.builtin.VerifyElementTextKeyword$_verifyElementText_closure1.doCall(VerifyElementTextKeyword.groovy:57)
	at com.kms.katalon.core.webui.keyword.builtin.VerifyElementTextKeyword$_verifyElementText_closure1.call(VerifyElementTextKeyword.groovy)
	at com.kms.katalon.core.webui.keyword.internal.WebUIKeywordMain.runKeyword(WebUIKeywordMain.groovy:20)
	... 22 more
)
[[ATTACHMENT|/Users/margaretta/Katalon Studio/Web Banking Testing/Reports/20230910_220051/Smoke Test Web/20230910_220051/1694358241425.png]]]]></system-out>
         <system-err><![CDATA[2023-09-10 22:02:57 - [TEST_CASE][FAILED] - Test Cases/User can successfully deposit and withdraw money: Test Cases/User can successfully deposit and withdraw money FAILED.
Reason:
com.kms.katalon.core.exception.StepFailedException: Verify element text of test object 'Object Repository/Page_XYZ Bank/div_Account Number  1007 , Balance  5000 , _80e863' FAILED.
	at com.kms.katalon.core.webui.keyword.internal.WebUIKeywordMain.stepFailed(WebUIKeywordMain.groovy:64)
	at com.kms.katalon.core.webui.keyword.internal.WebUIKeywordMain.runKeyword(WebUIKeywordMain.groovy:26)
	at com.kms.katalon.core.webui.keyword.builtin.VerifyElementTextKeyword.verifyElementText(VerifyElementTextKeyword.groovy:72)
	at com.kms.katalon.core.webui.keyword.builtin.VerifyElementTextKeyword.execute(VerifyElementTextKeyword.groovy:40)
	at com.kms.katalon.core.keyword.internal.KeywordExecutor.executeKeywordForPlatform(KeywordExecutor.groovy:74)
	at com.kms.katalon.core.webui.keyword.WebUiBuiltInKeywords.verifyElementText(WebUiBuiltInKeywords.groovy:4749)
	at com.kms.katalon.core.webui.keyword.WebUiBuiltInKeywords$verifyElementText$3.call(Unknown Source)
	at User can successfully deposit and withdraw money.run(User can successfully deposit and withdraw money:77)
	at com.kms.katalon.core.main.ScriptEngine.run(ScriptEngine.java:194)
	at com.kms.katalon.core.main.ScriptEngine.runScriptAsRawText(ScriptEngine.java:119)
	at com.kms.katalon.core.main.TestCaseExecutor.runScript(TestCaseExecutor.java:448)
	at com.kms.katalon.core.main.TestCaseExecutor.doExecute(TestCaseExecutor.java:439)
	at com.kms.katalon.core.main.TestCaseExecutor.processExecutionPhase(TestCaseExecutor.java:418)
	at com.kms.katalon.core.main.TestCaseExecutor.accessMainPhase(TestCaseExecutor.java:410)
	at com.kms.katalon.core.main.TestCaseExecutor.execute(TestCaseExecutor.java:285)
	at com.kms.katalon.core.main.TestCaseExecutor.execute(TestCaseExecutor.java:369)
	at com.kms.katalon.core.main.TestCaseExecutor.execute(TestCaseExecutor.java:369)
	at com.kms.katalon.core.main.TestCaseExecutor.execute(TestCaseExecutor.java:369)
	at com.kms.katalon.core.common.CommonExecutor.accessTestCaseMainPhase(CommonExecutor.java:65)
	at com.kms.katalon.core.main.TestSuiteExecutor.accessTestSuiteMainPhase(TestSuiteExecutor.java:148)
	at com.kms.katalon.core.main.TestSuiteExecutor.execute(TestSuiteExecutor.java:106)
	at com.kms.katalon.core.main.TestCaseMain.startTestSuite(TestCaseMain.java:187)
	at com.kms.katalon.core.main.TestCaseMain$startTestSuite$0.call(Unknown Source)
	at TempTestSuite1694358051150.run(TempTestSuite1694358051150.groovy:36)
Caused by: com.kms.katalon.core.exception.StepFailedException: Actual text 'Account Number : 1007 , Balance : 5000 , Currency : Dollar' and expected text 'Account Number : 1007 , 
	Balance : 5000 , 
	Currency : Dollar' of test object 'Object Repository/Page_XYZ Bank/div_Account Number  1007 , Balance  5000 , _80e863' are NOT matched.
	at com.kms.katalon.core.webui.keyword.internal.WebUIKeywordMain.stepFailed(WebUIKeywordMain.groovy:64)
	at com.kms.katalon.core.webui.keyword.builtin.VerifyElementTextKeyword$_verifyElementText_closure1.doCall(VerifyElementTextKeyword.groovy:57)
	at com.kms.katalon.core.webui.keyword.builtin.VerifyElementTextKeyword$_verifyElementText_closure1.call(VerifyElementTextKeyword.groovy)
	at com.kms.katalon.core.webui.keyword.internal.WebUIKeywordMain.runKeyword(WebUIKeywordMain.groovy:20)
	... 22 more]]></system-err>
      </testcase>
      <testcase name="Test Cases/User failed to withdraw due to insufficient deposit" time="44.481" classname="Test Cases/User failed to withdraw due to insufficient deposit" status="PASSED">
         <system-out><![CDATA[2023-09-10 22:04:01 - [TEST_CASE][PASSED] - Test Cases/User failed to withdraw due to insufficient deposit: Test Cases/User failed to withdraw due to insufficient deposit

2023-09-10 22:04:02 - [TEST_STEP][PASSED] - openBrowser(""): Browser is opened with url: ''

2023-09-10 22:04:02 - [MESSAGE][WARNING] - A browser is already opened. Closing browser and opening a new one

2023-09-10 22:04:02 - [MESSAGE][INFO] - Starting 'Chrome' driver

2023-09-10 22:04:02 - [MESSAGE][INFO] - Action delay is set to 0 milliseconds

2023-09-10 22:04:07 - [MESSAGE][PASSED] - Browser is opened with url: ''

2023-09-10 22:04:07 - [TEST_STEP][PASSED] - navigateToUrl("https://www.globalsqa.com/angularJs-protractor/BankingProject/#/login"): Navigate to 'https://www.globalsqa.com/angularJs-protractor/BankingProject/#/login' successfully

2023-09-10 22:04:09 - [MESSAGE][PASSED] - Navigate to 'https://www.globalsqa.com/angularJs-protractor/BankingProject/#/login' successfully

2023-09-10 22:04:09 - [TEST_STEP][PASSED] - click(findTestObject("Object Repository/Page_XYZ Bank/button_Customer Login")): Object: 'Object Repository/Page_XYZ Bank/button_Customer Login' is clicked on

2023-09-10 22:04:11 - [MESSAGE][PASSED] - Object: 'Object Repository/Page_XYZ Bank/button_Customer Login' is clicked on

2023-09-10 22:04:11 - [TEST_STEP][PASSED] - selectOptionByValue(findTestObject("Object Repository/Page_XYZ Bank/select_---Your Name---       Hermoine Grang_6e895b"), "3", true): All options with value '3' are selected in object 'Object Repository/Page_XYZ Bank/select_---Your Name---       Hermoine Grang_6e895b'  using regular expression

2023-09-10 22:04:17 - [MESSAGE][PASSED] - All options with value '3' are selected in object 'Object Repository/Page_XYZ Bank/select_---Your Name---       Hermoine Grang_6e895b'  using regular expression

2023-09-10 22:04:17 - [TEST_STEP][PASSED] - click(findTestObject("Object Repository/Page_XYZ Bank/button_Login")): Object: 'Object Repository/Page_XYZ Bank/button_Login' is clicked on

2023-09-10 22:04:19 - [MESSAGE][PASSED] - Object: 'Object Repository/Page_XYZ Bank/button_Login' is clicked on

2023-09-10 22:04:19 - [TEST_STEP][PASSED] - verifyElementPresent(findTestObject("Object Repository/Page_XYZ Bank/strong_Welcome Ron Weasly"), 0): Object 'Object Repository/Page_XYZ Bank/strong_Welcome Ron Weasly' is present

2023-09-10 22:04:19 - [MESSAGE][WARNING] - Timeout '0' is invalid. Using default page load timeout: '30'

2023-09-10 22:04:21 - [MESSAGE][PASSED] - Object 'Object Repository/Page_XYZ Bank/strong_Welcome Ron Weasly' is present

2023-09-10 22:04:21 - [TEST_STEP][PASSED] - verifyElementPresent(findTestObject("Object Repository/Page_XYZ Bank/span_Ron Weasly"), 0): Object 'Object Repository/Page_XYZ Bank/span_Ron Weasly' is present

2023-09-10 22:04:22 - [MESSAGE][WARNING] - Timeout '0' is invalid. Using default page load timeout: '30'

2023-09-10 22:04:24 - [MESSAGE][PASSED] - Object 'Object Repository/Page_XYZ Bank/span_Ron Weasly' is present

2023-09-10 22:04:24 - [TEST_STEP][PASSED] - verifyElementText(findTestObject("Object Repository/Page_XYZ Bank/strong_0"), "0"): Actual text and expected text of test object 'Object Repository/Page_XYZ Bank/strong_0' are matched.

2023-09-10 22:04:26 - [MESSAGE][PASSED] - Actual text and expected text of test object 'Object Repository/Page_XYZ Bank/strong_0' are matched.

2023-09-10 22:04:26 - [TEST_STEP][PASSED] - click(findTestObject("Object Repository/Page_XYZ Bank/button_Deposit")): Object: 'Object Repository/Page_XYZ Bank/button_Deposit' is clicked on

2023-09-10 22:04:28 - [MESSAGE][PASSED] - Object: 'Object Repository/Page_XYZ Bank/button_Deposit' is clicked on

2023-09-10 22:04:28 - [TEST_STEP][PASSED] - setText(findTestObject("Object Repository/Page_XYZ Bank/input_Amount to be Deposited_form-control n_97f4dd"), "100"): Text '100' is set on object 'Object Repository/Page_XYZ Bank/input_Amount to be Deposited_form-control n_97f4dd'

2023-09-10 22:04:32 - [MESSAGE][PASSED] - Text '100' is set on object 'Object Repository/Page_XYZ Bank/input_Amount to be Deposited_form-control n_97f4dd'

2023-09-10 22:04:32 - [TEST_STEP][PASSED] - click(findTestObject("Object Repository/Page_XYZ Bank/button_Deposit_1")): Object: 'Object Repository/Page_XYZ Bank/button_Deposit_1' is clicked on

2023-09-10 22:04:34 - [MESSAGE][PASSED] - Object: 'Object Repository/Page_XYZ Bank/button_Deposit_1' is clicked on

2023-09-10 22:04:34 - [TEST_STEP][PASSED] - verifyElementText(findTestObject("Object Repository/Page_XYZ Bank/span_Deposit Successful"), "Deposit Successful"): Actual text and expected text of test object 'Object Repository/Page_XYZ Bank/span_Deposit Successful' are matched.

2023-09-10 22:04:36 - [MESSAGE][PASSED] - Actual text and expected text of test object 'Object Repository/Page_XYZ Bank/span_Deposit Successful' are matched.

2023-09-10 22:04:36 - [TEST_STEP][PASSED] - click(findTestObject("Object Repository/Page_XYZ Bank/button_Withdrawl")): Object: 'Object Repository/Page_XYZ Bank/button_Withdrawl' is clicked on

2023-09-10 22:04:38 - [MESSAGE][PASSED] - Object: 'Object Repository/Page_XYZ Bank/button_Withdrawl' is clicked on

2023-09-10 22:04:38 - [TEST_STEP][PASSED] - setText(findTestObject("Object Repository/Page_XYZ Bank/input_Amount to be Deposited_form-control n_97f4dd"), "50000"): Text '50000' is set on object 'Object Repository/Page_XYZ Bank/input_Amount to be Deposited_form-control n_97f4dd'

2023-09-10 22:04:42 - [MESSAGE][PASSED] - Text '50000' is set on object 'Object Repository/Page_XYZ Bank/input_Amount to be Deposited_form-control n_97f4dd'

2023-09-10 22:04:42 - [TEST_STEP][PASSED] - click(findTestObject("Object Repository/Page_XYZ Bank/button_Withdraw")): Object: 'Object Repository/Page_XYZ Bank/button_Withdraw' is clicked on

2023-09-10 22:04:44 - [MESSAGE][PASSED] - Object: 'Object Repository/Page_XYZ Bank/button_Withdraw' is clicked on

2023-09-10 22:04:44 - [TEST_STEP][PASSED] - verifyElementText(findTestObject("Object Repository/Page_XYZ Bank/span_Transaction Failed. You can not withdr_4b9636"), "Transaction Failed. You can not withdraw amount more than the balance."): Actual text and expected text of test object 'Object Repository/Page_XYZ Bank/span_Transaction Failed. You can not withdr_4b9636' are matched.

2023-09-10 22:04:46 - [MESSAGE][PASSED] - Actual text and expected text of test object 'Object Repository/Page_XYZ Bank/span_Transaction Failed. You can not withdr_4b9636' are matched.

2023-09-10 22:04:46 - [TEST_STEP][PASSED] - closeBrowser(): Browser is closed

2023-09-10 22:04:46 - [MESSAGE][PASSED] - Browser is closed]]></system-out>
         <system-err><![CDATA[]]></system-err>
      </testcase>
      <system-out><![CDATA[2023-09-10 22:00:54 - [TEST_SUITE][FAILED] - Smoke Test Web: Test Cases/User can successfully deposit and withdraw money FAILED.
Reason:
com.kms.katalon.core.exception.StepFailedException: Verify element text of test object 'Object Repository/Page_XYZ Bank/div_Account Number  1007 , Balance  5000 , _80e863' FAILED.
	at com.kms.katalon.core.webui.keyword.internal.WebUIKeywordMain.stepFailed(WebUIKeywordMain.groovy:64)
	at com.kms.katalon.core.webui.keyword.internal.WebUIKeywordMain.runKeyword(WebUIKeywordMain.groovy:26)
	at com.kms.katalon.core.webui.keyword.builtin.VerifyElementTextKeyword.verifyElementText(VerifyElementTextKeyword.groovy:72)
	at com.kms.katalon.core.webui.keyword.builtin.VerifyElementTextKeyword.execute(VerifyElementTextKeyword.groovy:40)
	at com.kms.katalon.core.keyword.internal.KeywordExecutor.executeKeywordForPlatform(KeywordExecutor.groovy:74)
	at com.kms.katalon.core.webui.keyword.WebUiBuiltInKeywords.verifyElementText(WebUiBuiltInKeywords.groovy:4749)
	at com.kms.katalon.core.webui.keyword.WebUiBuiltInKeywords$verifyElementText$3.call(Unknown Source)
	at User can successfully deposit and withdraw money.run(User can successfully deposit and withdraw money:77)
	at com.kms.katalon.core.main.ScriptEngine.run(ScriptEngine.java:194)
	at com.kms.katalon.core.main.ScriptEngine.runScriptAsRawText(ScriptEngine.java:119)
	at com.kms.katalon.core.main.TestCaseExecutor.runScript(TestCaseExecutor.java:448)
	at com.kms.katalon.core.main.TestCaseExecutor.doExecute(TestCaseExecutor.java:439)
	at com.kms.katalon.core.main.TestCaseExecutor.processExecutionPhase(TestCaseExecutor.java:418)
	at com.kms.katalon.core.main.TestCaseExecutor.accessMainPhase(TestCaseExecutor.java:410)
	at com.kms.katalon.core.main.TestCaseExecutor.execute(TestCaseExecutor.java:285)
	at com.kms.katalon.core.common.CommonExecutor.accessTestCaseMainPhase(CommonExecutor.java:65)
	at com.kms.katalon.core.main.TestSuiteExecutor.accessTestSuiteMainPhase(TestSuiteExecutor.java:148)
	at com.kms.katalon.core.main.TestSuiteExecutor.execute(TestSuiteExecutor.java:106)
	at com.kms.katalon.core.main.TestCaseMain.startTestSuite(TestCaseMain.java:187)
	at com.kms.katalon.core.main.TestCaseMain$startTestSuite$0.call(Unknown Source)
	at TempTestSuite1694358051150.run(TempTestSuite1694358051150.groovy:36)
Caused by: com.kms.katalon.core.exception.StepFailedException: Actual text 'Account Number : 1007 , Balance : 5000 , Currency : Dollar' and expected text 'Account Number : 1007 , 
	Balance : 5000 , 
	Currency : Dollar' of test object 'Object Repository/Page_XYZ Bank/div_Account Number  1007 , Balance  5000 , _80e863' are NOT matched.
	at com.kms.katalon.core.webui.keyword.internal.WebUIKeywordMain.stepFailed(WebUIKeywordMain.groovy:64)
	at com.kms.katalon.core.webui.keyword.builtin.VerifyElementTextKeyword$_verifyElementText_closure1.doCall(VerifyElementTextKeyword.groovy:57)
	at com.kms.katalon.core.webui.keyword.builtin.VerifyElementTextKeyword$_verifyElementText_closure1.call(VerifyElementTextKeyword.groovy)
	at com.kms.katalon.core.webui.keyword.internal.WebUIKeywordMain.runKeyword(WebUIKeywordMain.groovy:20)
	... 19 more]]></system-out>
      <system-err><![CDATA[2023-09-10 22:00:54 - [TEST_SUITE][FAILED] - Smoke Test Web: Test Cases/User can successfully deposit and withdraw money FAILED.
Reason:
com.kms.katalon.core.exception.StepFailedException: Verify element text of test object 'Object Repository/Page_XYZ Bank/div_Account Number  1007 , Balance  5000 , _80e863' FAILED.
	at com.kms.katalon.core.webui.keyword.internal.WebUIKeywordMain.stepFailed(WebUIKeywordMain.groovy:64)
	at com.kms.katalon.core.webui.keyword.internal.WebUIKeywordMain.runKeyword(WebUIKeywordMain.groovy:26)
	at com.kms.katalon.core.webui.keyword.builtin.VerifyElementTextKeyword.verifyElementText(VerifyElementTextKeyword.groovy:72)
	at com.kms.katalon.core.webui.keyword.builtin.VerifyElementTextKeyword.execute(VerifyElementTextKeyword.groovy:40)
	at com.kms.katalon.core.keyword.internal.KeywordExecutor.executeKeywordForPlatform(KeywordExecutor.groovy:74)
	at com.kms.katalon.core.webui.keyword.WebUiBuiltInKeywords.verifyElementText(WebUiBuiltInKeywords.groovy:4749)
	at com.kms.katalon.core.webui.keyword.WebUiBuiltInKeywords$verifyElementText$3.call(Unknown Source)
	at User can successfully deposit and withdraw money.run(User can successfully deposit and withdraw money:77)
	at com.kms.katalon.core.main.ScriptEngine.run(ScriptEngine.java:194)
	at com.kms.katalon.core.main.ScriptEngine.runScriptAsRawText(ScriptEngine.java:119)
	at com.kms.katalon.core.main.TestCaseExecutor.runScript(TestCaseExecutor.java:448)
	at com.kms.katalon.core.main.TestCaseExecutor.doExecute(TestCaseExecutor.java:439)
	at com.kms.katalon.core.main.TestCaseExecutor.processExecutionPhase(TestCaseExecutor.java:418)
	at com.kms.katalon.core.main.TestCaseExecutor.accessMainPhase(TestCaseExecutor.java:410)
	at com.kms.katalon.core.main.TestCaseExecutor.execute(TestCaseExecutor.java:285)
	at com.kms.katalon.core.common.CommonExecutor.accessTestCaseMainPhase(CommonExecutor.java:65)
	at com.kms.katalon.core.main.TestSuiteExecutor.accessTestSuiteMainPhase(TestSuiteExecutor.java:148)
	at com.kms.katalon.core.main.TestSuiteExecutor.execute(TestSuiteExecutor.java:106)
	at com.kms.katalon.core.main.TestCaseMain.startTestSuite(TestCaseMain.java:187)
	at com.kms.katalon.core.main.TestCaseMain$startTestSuite$0.call(Unknown Source)
	at TempTestSuite1694358051150.run(TempTestSuite1694358051150.groovy:36)
Caused by: com.kms.katalon.core.exception.StepFailedException: Actual text 'Account Number : 1007 , Balance : 5000 , Currency : Dollar' and expected text 'Account Number : 1007 , 
	Balance : 5000 , 
	Currency : Dollar' of test object 'Object Repository/Page_XYZ Bank/div_Account Number  1007 , Balance  5000 , _80e863' are NOT matched.
	at com.kms.katalon.core.webui.keyword.internal.WebUIKeywordMain.stepFailed(WebUIKeywordMain.groovy:64)
	at com.kms.katalon.core.webui.keyword.builtin.VerifyElementTextKeyword$_verifyElementText_closure1.doCall(VerifyElementTextKeyword.groovy:57)
	at com.kms.katalon.core.webui.keyword.builtin.VerifyElementTextKeyword$_verifyElementText_closure1.call(VerifyElementTextKeyword.groovy)
	at com.kms.katalon.core.webui.keyword.internal.WebUIKeywordMain.runKeyword(WebUIKeywordMain.groovy:20)
	... 19 more]]></system-err>
   </testsuite>
</testsuites>
